# JRE version: Java(TM) SE Runtime Environment (8.0_301-b09) (build 1.8.0_301-b09)
# Java VM: Java HotSpot(TM) Client VM (25.301-b09 mixed mode windows-x86 )
Heap:
 def new generation   total 22144K, used 13087K [0x04200000, 0x05a00000, 0x09750000)
  eden space 19712K,  59% used [0x04200000, 0x04d7b850, 0x05540000)
  from space 2432K,  54% used [0x057a0000, 0x058ec680, 0x05a00000)
  to   space 2432K,   0% used [0x05540000, 0x05540000, 0x057a0000)
 tenured generation   total 49100K, used 49016K [0x09750000, 0x0c743000, 0x14200000)
   the space 49100K,  99% used [0x09750000, 0x0c72e218, 0x0c72e400, 0x0c743000)
 Metaspace       used 17909K, capacity 18754K, committed 18816K, reserved 18816K
GC Heap History (10 events):
Event: 368.286 GC heap before
{Heap before GC invocations=120 (full 8):
 def new generation   total 22144K, used 18937K [0x04200000, 0x05a00000, 0x09750000)
  eden space 19712K,  96% used [0x04200000, 0x0547e520, 0x05540000)
  from space 2432K,   0% used [0x05540000, 0x05540000, 0x057a0000)
  to   space 2432K,   0% used [0x057a0000, 0x057a0000, 0x05a00000)
 tenured generation   total 49100K, used 29459K [0x09750000, 0x0c743000, 0x14200000)
   the space 49100K,  59% used [0x09750000, 0x0b414fc0, 0x0b415000, 0x0c743000)
 Metaspace       used 17890K, capacity 18751K, committed 18816K, reserved 18816K
Event: 368.291 GC heap after
Heap after GC invocations=121 (full 8):
 def new generation   total 22144K, used 620K [0x04200000, 0x05a00000, 0x09750000)
  eden space 19712K,   0% used [0x04200000, 0x04200000, 0x05540000)
  from space 2432K,  25% used [0x057a0000, 0x0583b228, 0x05a00000)
  to   space 2432K,   0% used [0x05540000, 0x05540000, 0x057a0000)
 tenured generation   total 49100K, used 36957K [0x09750000, 0x0c743000, 0x14200000)
   the space 49100K,  75% used [0x09750000, 0x0bb676a0, 0x0bb67800, 0x0c743000)
 Metaspace       used 17890K, capacity 18751K, committed 18816K, reserved 18816K
}
Event: 368.422 GC heap before
{Heap before GC invocations=121 (full 8):
 def new generation   total 22144K, used 20214K [0x04200000, 0x05a00000, 0x09750000)
  eden space 19712K,  99% used [0x04200000, 0x05522810, 0x05540000)
  from space 2432K,  25% used [0x057a0000, 0x0583b228, 0x05a00000)
  to   space 2432K,   0% used [0x05540000, 0x05540000, 0x057a0000)
 tenured generation   total 49100K, used 36957K [0x09750000, 0x0c743000, 0x14200000)
   the space 49100K,  75% used [0x09750000, 0x0bb676a0, 0x0bb67800, 0x0c743000)
 Metaspace       used 17890K, capacity 18751K, committed 18816K, reserved 18816K
Event: 368.424 GC heap after
Heap after GC invocations=122 (full 8):
 def new generation   total 22144K, used 1114K [0x04200000, 0x05a00000, 0x09750000)
  eden space 19712K,   0% used [0x04200000, 0x04200000, 0x05540000)
  from space 2432K,  45% used [0x05540000, 0x05656918, 0x057a0000)
  to   space 2432K,   0% used [0x057a0000, 0x057a0000, 0x05a00000)
 tenured generation   total 49100K, used 36957K [0x09750000, 0x0c743000, 0x14200000)
   the space 49100K,  75% used [0x09750000, 0x0bb676a0, 0x0bb67800, 0x0c743000)
 Metaspace       used 17890K, capacity 18751K, committed 18816K, reserved 18816K
}
Event: 368.767 GC heap before
{Heap before GC invocations=122 (full 8):
 def new generation   total 22144K, used 19347K [0x04200000, 0x05a00000, 0x09750000)
  eden space 19712K,  92% used [0x04200000, 0x053ce680, 0x05540000)
  from space 2432K,  45% used [0x05540000, 0x05656918, 0x057a0000)
  to   space 2432K,   0% used [0x057a0000, 0x057a0000, 0x05a00000)
 tenured generation   total 49100K, used 36957K [0x09750000, 0x0c743000, 0x14200000)
   the space 49100K,  75% used [0x09750000, 0x0bb676a0, 0x0bb67800, 0x0c743000)
 Metaspace       used 17890K, capacity 18751K, committed 18816K, reserved 18816K
Event: 368.770 GC heap after
Heap after GC invocations=123 (full 8):
 def new generation   total 22144K, used 1225K [0x04200000, 0x05a00000, 0x09750000)
  eden space 19712K,   0% used [0x04200000, 0x04200000, 0x05540000)
  from space 2432K,  50% used [0x057a0000, 0x058d2608, 0x05a00000)
  to   space 2432K,   0% used [0x05540000, 0x05540000, 0x057a0000)
 tenured generation   total 49100K, used 40703K [0x09750000, 0x0c743000, 0x14200000)
   the space 49100K,  82% used [0x09750000, 0x0bf0fc00, 0x0bf0fc00, 0x0c743000)
 Metaspace       used 17890K, capacity 18751K, committed 18816K, reserved 18816K
}
Event: 369.857 GC heap before
{Heap before GC invocations=123 (full 8):
 def new generation   total 22144K, used 20277K [0x04200000, 0x05a00000, 0x09750000)
  eden space 19712K,  96% used [0x04200000, 0x0549afa0, 0x05540000)
  from space 2432K,  50% used [0x057a0000, 0x058d2608, 0x05a00000)
  to   space 2432K,   0% used [0x05540000, 0x05540000, 0x057a0000)
 tenured generation   total 49100K, used 40703K [0x09750000, 0x0c743000, 0x14200000)
   the space 49100K,  82% used [0x09750000, 0x0bf0fc00, 0x0bf0fc00, 0x0c743000)
 Metaspace       used 17890K, capacity 18751K, committed 18816K, reserved 18816K
Event: 369.861 GC heap after
Heap after GC invocations=124 (full 8):
 def new generation   total 22144K, used 2432K [0x04200000, 0x05a00000, 0x09750000)
  eden space 19712K,   0% used [0x04200000, 0x04200000, 0x05540000)
  from space 2432K, 100% used [0x05540000, 0x057a0000, 0x057a0000)
  to   space 2432K,   0% used [0x057a0000, 0x057a0000, 0x05a00000)
 tenured generation   total 49100K, used 44792K [0x09750000, 0x0c743000, 0x14200000)
   the space 49100K,  91% used [0x09750000, 0x0c30e1d0, 0x0c30e200, 0x0c743000)
 Metaspace       used 17890K, capacity 18751K, committed 18816K, reserved 18816K
}
Event: 370.398 GC heap before
{Heap before GC invocations=124 (full 8):
 def new generation   total 22144K, used 20823K [0x04200000, 0x05a00000, 0x09750000)
  eden space 19712K,  93% used [0x04200000, 0x053f5ec0, 0x05540000)
  from space 2432K, 100% used [0x05540000, 0x057a0000, 0x057a0000)
  to   space 2432K,   0% used [0x057a0000, 0x057a0000, 0x05a00000)
 tenured generation   total 49100K, used 44792K [0x09750000, 0x0c743000, 0x14200000)
   the space 49100K,  91% used [0x09750000, 0x0c30e1d0, 0x0c30e200, 0x0c743000)
 Metaspace       used 17890K, capacity 18751K, committed 18816K, reserved 18816K
Event: 370.403 GC heap after
Heap after GC invocations=125 (full 8):
 def new generation   total 22144K, used 1329K [0x04200000, 0x05a00000, 0x09750000)
  eden space 19712K,   0% used [0x04200000, 0x04200000, 0x05540000)
  from space 2432K,  54% used [0x057a0000, 0x058ec680, 0x05a00000)
  to   space 2432K,   0% used [0x05540000, 0x05540000, 0x057a0000)
 tenured generation   total 49100K, used 49016K [0x09750000, 0x0c743000, 0x14200000)
   the space 49100K,  99% used [0x09750000, 0x0c72e218, 0x0c72e400, 0x0c743000)
 Metaspace       used 17890K, capacity 18751K, committed 18816K, reserved 18816K
}

