# JRE version: Java(TM) SE Runtime Environment (8.0_301-b09) (build 1.8.0_301-b09)
# Java VM: Java HotSpot(TM) Client VM (25.301-b09 mixed mode windows-x86 )
Heap:
 def new generation   total 33472K, used 9552K [0x04600000, 0x06a50000, 0x09b50000)
  eden space 29760K,  24% used [0x04600000, 0x04d3f248, 0x06310000)
  from space 3712K,  57% used [0x06310000, 0x06525108, 0x066b0000)
  to   space 3712K,   0% used [0x066b0000, 0x066b0000, 0x06a50000)
 tenured generation   total 74288K, used 61410K [0x09b50000, 0x0e3dc000, 0x14600000)
   the space 74288K,  82% used [0x09b50000, 0x0d7488a8, 0x0d748a00, 0x0e3dc000)
 Metaspace       used 15036K, capacity 15775K, committed 15872K, reserved 16768K
GC Heap History (10 events):
Event: 94.819 GC heap before
{Heap before GC invocations=180 (full 7):
 def new generation   total 33472K, used 30192K [0x04600000, 0x06a50000, 0x09b50000)
  eden space 29760K,  96% used [0x04600000, 0x061ea008, 0x06310000)
  from space 3712K,  43% used [0x066b0000, 0x06841ff8, 0x06a50000)
  to   space 3712K,   0% used [0x06310000, 0x06310000, 0x066b0000)
 tenured generation   total 74288K, used 60470K [0x09b50000, 0x0e3dc000, 0x14600000)
   the space 74288K,  81% used [0x09b50000, 0x0d65dab8, 0x0d65dc00, 0x0e3dc000)
 Metaspace       used 15014K, capacity 15768K, committed 15872K, reserved 16768K
Event: 94.821 GC heap after
Heap after GC invocations=181 (full 7):
 def new generation   total 33472K, used 1885K [0x04600000, 0x06a50000, 0x09b50000)
  eden space 29760K,   0% used [0x04600000, 0x04600000, 0x06310000)
  from space 3712K,  50% used [0x06310000, 0x064e74c8, 0x066b0000)
  to   space 3712K,   0% used [0x066b0000, 0x066b0000, 0x06a50000)
 tenured generation   total 74288K, used 60470K [0x09b50000, 0x0e3dc000, 0x14600000)
   the space 74288K,  81% used [0x09b50000, 0x0d65dab8, 0x0d65dc00, 0x0e3dc000)
 Metaspace       used 15014K, capacity 15768K, committed 15872K, reserved 16768K
}
Event: 95.034 GC heap before
{Heap before GC invocations=181 (full 7):
 def new generation   total 33472K, used 31645K [0x04600000, 0x06a50000, 0x09b50000)
  eden space 29760K, 100% used [0x04600000, 0x06310000, 0x06310000)
  from space 3712K,  50% used [0x06310000, 0x064e74c8, 0x066b0000)
  to   space 3712K,   0% used [0x066b0000, 0x066b0000, 0x06a50000)
 tenured generation   total 74288K, used 60470K [0x09b50000, 0x0e3dc000, 0x14600000)
   the space 74288K,  81% used [0x09b50000, 0x0d65dab8, 0x0d65dc00, 0x0e3dc000)
 Metaspace       used 15014K, capacity 15768K, committed 15872K, reserved 16768K
Event: 95.036 GC heap after
Heap after GC invocations=182 (full 7):
 def new generation   total 33472K, used 1212K [0x04600000, 0x06a50000, 0x09b50000)
  eden space 29760K,   0% used [0x04600000, 0x04600000, 0x06310000)
  from space 3712K,  32% used [0x066b0000, 0x067df3b8, 0x06a50000)
  to   space 3712K,   0% used [0x06310000, 0x06310000, 0x066b0000)
 tenured generation   total 74288K, used 61410K [0x09b50000, 0x0e3dc000, 0x14600000)
   the space 74288K,  82% used [0x09b50000, 0x0d7488a8, 0x0d748a00, 0x0e3dc000)
 Metaspace       used 15014K, capacity 15768K, committed 15872K, reserved 16768K
}
Event: 96.308 GC heap before
{Heap before GC invocations=182 (full 7):
 def new generation   total 33472K, used 30009K [0x04600000, 0x06a50000, 0x09b50000)
  eden space 29760K,  96% used [0x04600000, 0x0621f0b8, 0x06310000)
  from space 3712K,  32% used [0x066b0000, 0x067df3b8, 0x06a50000)
  to   space 3712K,   0% used [0x06310000, 0x06310000, 0x066b0000)
 tenured generation   total 74288K, used 61410K [0x09b50000, 0x0e3dc000, 0x14600000)
   the space 74288K,  82% used [0x09b50000, 0x0d7488a8, 0x0d748a00, 0x0e3dc000)
 Metaspace       used 15014K, capacity 15768K, committed 15872K, reserved 16768K
Event: 96.310 GC heap after
Heap after GC invocations=183 (full 7):
 def new generation   total 33472K, used 1660K [0x04600000, 0x06a50000, 0x09b50000)
  eden space 29760K,   0% used [0x04600000, 0x04600000, 0x06310000)
  from space 3712K,  44% used [0x06310000, 0x064af0f0, 0x066b0000)
  to   space 3712K,   0% used [0x066b0000, 0x066b0000, 0x06a50000)
 tenured generation   total 74288K, used 61410K [0x09b50000, 0x0e3dc000, 0x14600000)
   the space 74288K,  82% used [0x09b50000, 0x0d7488a8, 0x0d748a00, 0x0e3dc000)
 Metaspace       used 15014K, capacity 15768K, committed 15872K, reserved 16768K
}
Event: 97.290 GC heap before
{Heap before GC invocations=183 (full 7):
 def new generation   total 33472K, used 31420K [0x04600000, 0x06a50000, 0x09b50000)
  eden space 29760K, 100% used [0x04600000, 0x06310000, 0x06310000)
  from space 3712K,  44% used [0x06310000, 0x064af0f0, 0x066b0000)
  to   space 3712K,   0% used [0x066b0000, 0x066b0000, 0x06a50000)
 tenured generation   total 74288K, used 61410K [0x09b50000, 0x0e3dc000, 0x14600000)
   the space 74288K,  82% used [0x09b50000, 0x0d7488a8, 0x0d748a00, 0x0e3dc000)
 Metaspace       used 15015K, capacity 15770K, committed 15872K, reserved 16768K
Event: 97.291 GC heap after
Heap after GC invocations=184 (full 7):
 def new generation   total 33472K, used 1730K [0x04600000, 0x06a50000, 0x09b50000)
  eden space 29760K,   0% used [0x04600000, 0x04600000, 0x06310000)
  from space 3712K,  46% used [0x066b0000, 0x06860b60, 0x06a50000)
  to   space 3712K,   0% used [0x06310000, 0x06310000, 0x066b0000)
 tenured generation   total 74288K, used 61410K [0x09b50000, 0x0e3dc000, 0x14600000)
   the space 74288K,  82% used [0x09b50000, 0x0d7488a8, 0x0d748a00, 0x0e3dc000)
 Metaspace       used 15015K, capacity 15770K, committed 15872K, reserved 16768K
}
Event: 100.210 GC heap before
{Heap before GC invocations=184 (full 7):
 def new generation   total 33472K, used 31490K [0x04600000, 0x06a50000, 0x09b50000)
  eden space 29760K, 100% used [0x04600000, 0x06310000, 0x06310000)
  from space 3712K,  46% used [0x066b0000, 0x06860b60, 0x06a50000)
  to   space 3712K,   0% used [0x06310000, 0x06310000, 0x066b0000)
 tenured generation   total 74288K, used 61410K [0x09b50000, 0x0e3dc000, 0x14600000)
   the space 74288K,  82% used [0x09b50000, 0x0d7488a8, 0x0d748a00, 0x0e3dc000)
 Metaspace       used 15035K, capacity 15775K, committed 15872K, reserved 16768K
Event: 100.213 GC heap after
Heap after GC invocations=185 (full 7):
 def new generation   total 33472K, used 2132K [0x04600000, 0x06a50000, 0x09b50000)
  eden space 29760K,   0% used [0x04600000, 0x04600000, 0x06310000)
  from space 3712K,  57% used [0x06310000, 0x06525108, 0x066b0000)
  to   space 3712K,   0% used [0x066b0000, 0x066b0000, 0x06a50000)
 tenured generation   total 74288K, used 61410K [0x09b50000, 0x0e3dc000, 0x14600000)
   the space 74288K,  82% used [0x09b50000, 0x0d7488a8, 0x0d748a00, 0x0e3dc000)
 Metaspace       used 15035K, capacity 15775K, committed 15872K, reserved 16768K
}

