# JRE version: Java(TM) SE Runtime Environment (8.0_301-b09) (build 1.8.0_301-b09)
# Java VM: Java HotSpot(TM) Client VM (25.301-b09 mixed mode windows-x86 )
Heap:
 def new generation   total 19200K, used 6393K [0x04e00000, 0x062d0000, 0x0a350000)
  eden space 17088K,  33% used [0x04e00000, 0x0539e660, 0x05eb0000)
  from space 2112K,  30% used [0x060c0000, 0x0615ffa0, 0x062d0000)
  to   space 2112K,   0% used [0x05eb0000, 0x05eb0000, 0x060c0000)
 tenured generation   total 42500K, used 28968K [0x0a350000, 0x0ccd1000, 0x14e00000)
   the space 42500K,  68% used [0x0a350000, 0x0bf9a1c0, 0x0bf9a200, 0x0ccd1000)
 Metaspace       used 16180K, capacity 16961K, committed 17024K, reserved 17792K
GC Heap History (10 events):
Event: 209.318 GC heap before
{Heap before GC invocations=236 (full 7):
 def new generation   total 19200K, used 18106K [0x04e00000, 0x062d0000, 0x0a350000)
  eden space 17088K,  99% used [0x04e00000, 0x05ea6e58, 0x05eb0000)
  from space 2112K,  49% used [0x05eb0000, 0x05fb7c58, 0x060c0000)
  to   space 2112K,   0% used [0x060c0000, 0x060c0000, 0x062d0000)
 tenured generation   total 42500K, used 28868K [0x0a350000, 0x0ccd1000, 0x14e00000)
   the space 42500K,  67% used [0x0a350000, 0x0bf81168, 0x0bf81200, 0x0ccd1000)
 Metaspace       used 16163K, capacity 16961K, committed 17024K, reserved 17792K
Event: 209.320 GC heap after
Heap after GC invocations=237 (full 7):
 def new generation   total 19200K, used 1133K [0x04e00000, 0x062d0000, 0x0a350000)
  eden space 17088K,   0% used [0x04e00000, 0x04e00000, 0x05eb0000)
  from space 2112K,  53% used [0x060c0000, 0x061db720, 0x062d0000)
  to   space 2112K,   0% used [0x05eb0000, 0x05eb0000, 0x060c0000)
 tenured generation   total 42500K, used 28868K [0x0a350000, 0x0ccd1000, 0x14e00000)
   the space 42500K,  67% used [0x0a350000, 0x0bf81168, 0x0bf81200, 0x0ccd1000)
 Metaspace       used 16163K, capacity 16961K, committed 17024K, reserved 17792K
}
Event: 209.869 GC heap before
{Heap before GC invocations=237 (full 7):
 def new generation   total 19200K, used 18221K [0x04e00000, 0x062d0000, 0x0a350000)
  eden space 17088K, 100% used [0x04e00000, 0x05eb0000, 0x05eb0000)
  from space 2112K,  53% used [0x060c0000, 0x061db720, 0x062d0000)
  to   space 2112K,   0% used [0x05eb0000, 0x05eb0000, 0x060c0000)
 tenured generation   total 42500K, used 28868K [0x0a350000, 0x0ccd1000, 0x14e00000)
   the space 42500K,  67% used [0x0a350000, 0x0bf81168, 0x0bf81200, 0x0ccd1000)
 Metaspace       used 16163K, capacity 16961K, committed 17024K, reserved 17792K
Event: 209.871 GC heap after
Heap after GC invocations=238 (full 7):
 def new generation   total 19200K, used 751K [0x04e00000, 0x062d0000, 0x0a350000)
  eden space 17088K,   0% used [0x04e00000, 0x04e00000, 0x05eb0000)
  from space 2112K,  35% used [0x05eb0000, 0x05f6be18, 0x060c0000)
  to   space 2112K,   0% used [0x060c0000, 0x060c0000, 0x062d0000)
 tenured generation   total 42500K, used 28904K [0x0a350000, 0x0ccd1000, 0x14e00000)
   the space 42500K,  68% used [0x0a350000, 0x0bf8a1e8, 0x0bf8a200, 0x0ccd1000)
 Metaspace       used 16163K, capacity 16961K, committed 17024K, reserved 17792K
}
Event: 210.366 GC heap before
{Heap before GC invocations=238 (full 7):
 def new generation   total 19200K, used 17839K [0x04e00000, 0x062d0000, 0x0a350000)
  eden space 17088K, 100% used [0x04e00000, 0x05eb0000, 0x05eb0000)
  from space 2112K,  35% used [0x05eb0000, 0x05f6bf08, 0x060c0000)
  to   space 2112K,   0% used [0x060c0000, 0x060c0000, 0x062d0000)
 tenured generation   total 42500K, used 28904K [0x0a350000, 0x0ccd1000, 0x14e00000)
   the space 42500K,  68% used [0x0a350000, 0x0bf8a1e8, 0x0bf8a200, 0x0ccd1000)
 Metaspace       used 16163K, capacity 16961K, committed 17024K, reserved 17792K
Event: 210.368 GC heap after
Heap after GC invocations=239 (full 7):
 def new generation   total 19200K, used 802K [0x04e00000, 0x062d0000, 0x0a350000)
  eden space 17088K,   0% used [0x04e00000, 0x04e00000, 0x05eb0000)
  from space 2112K,  37% used [0x060c0000, 0x06188980, 0x062d0000)
  to   space 2112K,   0% used [0x05eb0000, 0x05eb0000, 0x060c0000)
 tenured generation   total 42500K, used 28904K [0x0a350000, 0x0ccd1000, 0x14e00000)
   the space 42500K,  68% used [0x0a350000, 0x0bf8a1e8, 0x0bf8a200, 0x0ccd1000)
 Metaspace       used 16163K, capacity 16961K, committed 17024K, reserved 17792K
}
Event: 210.870 GC heap before
{Heap before GC invocations=239 (full 7):
 def new generation   total 19200K, used 18141K [0x04e00000, 0x062d0000, 0x0a350000)
  eden space 17088K,  99% used [0x04e00000, 0x05e8d1d8, 0x05eb0000)
  from space 2112K,  56% used [0x060c0000, 0x061ea280, 0x062d0000)
  to   space 2112K,   0% used [0x05eb0000, 0x05eb0000, 0x060c0000)
 tenured generation   total 42500K, used 28904K [0x0a350000, 0x0ccd1000, 0x14e00000)
   the space 42500K,  68% used [0x0a350000, 0x0bf8a1e8, 0x0bf8a200, 0x0ccd1000)
 Metaspace       used 16163K, capacity 16961K, committed 17024K, reserved 17792K
Event: 210.873 GC heap after
Heap after GC invocations=240 (full 7):
 def new generation   total 19200K, used 1147K [0x04e00000, 0x062d0000, 0x0a350000)
  eden space 17088K,   0% used [0x04e00000, 0x04e00000, 0x05eb0000)
  from space 2112K,  54% used [0x05eb0000, 0x05fcec80, 0x060c0000)
  to   space 2112K,   0% used [0x060c0000, 0x060c0000, 0x062d0000)
 tenured generation   total 42500K, used 28904K [0x0a350000, 0x0ccd1000, 0x14e00000)
   the space 42500K,  68% used [0x0a350000, 0x0bf8a1e8, 0x0bf8a200, 0x0ccd1000)
 Metaspace       used 16163K, capacity 16961K, committed 17024K, reserved 17792K
}
Event: 213.007 GC heap before
{Heap before GC invocations=240 (full 7):
 def new generation   total 19200K, used 18235K [0x04e00000, 0x062d0000, 0x0a350000)
  eden space 17088K, 100% used [0x04e00000, 0x05eb0000, 0x05eb0000)
  from space 2112K,  54% used [0x05eb0000, 0x05fcec80, 0x060c0000)
  to   space 2112K,   0% used [0x060c0000, 0x060c0000, 0x062d0000)
 tenured generation   total 42500K, used 28904K [0x0a350000, 0x0ccd1000, 0x14e00000)
   the space 42500K,  68% used [0x0a350000, 0x0bf8a1e8, 0x0bf8a200, 0x0ccd1000)
 Metaspace       used 16178K, capacity 16961K, committed 17024K, reserved 17792K
Event: 213.010 GC heap after
Heap after GC invocations=241 (full 7):
 def new generation   total 19200K, used 639K [0x04e00000, 0x062d0000, 0x0a350000)
  eden space 17088K,   0% used [0x04e00000, 0x04e00000, 0x05eb0000)
  from space 2112K,  30% used [0x060c0000, 0x0615ffa0, 0x062d0000)
  to   space 2112K,   0% used [0x05eb0000, 0x05eb0000, 0x060c0000)
 tenured generation   total 42500K, used 28968K [0x0a350000, 0x0ccd1000, 0x14e00000)
   the space 42500K,  68% used [0x0a350000, 0x0bf9a1c0, 0x0bf9a200, 0x0ccd1000)
 Metaspace       used 16178K, capacity 16961K, committed 17024K, reserved 17792K
}

