# JRE version: Java(TM) SE Runtime Environment (8.0_301-b09) (build 1.8.0_301-b09)
# Java VM: Java HotSpot(TM) Client VM (25.301-b09 mixed mode windows-x86 )
Heap:
 def new generation   total 57024K, used 46376K [0x05000000, 0x08dd0000, 0x0a550000)
  eden space 50752K,  87% used [0x05000000, 0x07b44780, 0x08190000)
  from space 6272K,  33% used [0x08190000, 0x08395c08, 0x087b0000)
  to   space 6272K,   0% used [0x087b0000, 0x087b0000, 0x08dd0000)
 tenured generation   total 126524K, used 125926K [0x0a550000, 0x120df000, 0x15000000)
   the space 126524K,  99% used [0x0a550000, 0x120498a8, 0x12049a00, 0x120df000)
 Metaspace       used 18409K, capacity 19218K, committed 19328K, reserved 19840K
GC Heap History (10 events):
Event: 214.876 GC heap before
{Heap before GC invocations=377 (full 11):
 def new generation   total 57024K, used 54004K [0x05000000, 0x08dd0000, 0x0a550000)
  eden space 50752K, 100% used [0x05000000, 0x08190000, 0x08190000)
  from space 6272K,  51% used [0x087b0000, 0x08add340, 0x08dd0000)
  to   space 6272K,   0% used [0x08190000, 0x08190000, 0x087b0000)
 tenured generation   total 126524K, used 83633K [0x0a550000, 0x120df000, 0x15000000)
   the space 126524K,  66% used [0x0a550000, 0x0f6fc7e8, 0x0f6fc800, 0x120df000)
 Metaspace       used 18390K, capacity 19183K, committed 19200K, reserved 19840K
Event: 214.884 GC heap after
Heap after GC invocations=378 (full 11):
 def new generation   total 57024K, used 5895K [0x05000000, 0x08dd0000, 0x0a550000)
  eden space 50752K,   0% used [0x05000000, 0x05000000, 0x08190000)
  from space 6272K,  93% used [0x08190000, 0x08751c90, 0x087b0000)
  to   space 6272K,   0% used [0x087b0000, 0x087b0000, 0x08dd0000)
 tenured generation   total 126524K, used 93430K [0x0a550000, 0x120df000, 0x15000000)
   the space 126524K,  73% used [0x0a550000, 0x1008db20, 0x1008dc00, 0x120df000)
 Metaspace       used 18390K, capacity 19183K, committed 19200K, reserved 19840K
}
Event: 215.314 GC heap before
{Heap before GC invocations=378 (full 11):
 def new generation   total 57024K, used 55177K [0x05000000, 0x08dd0000, 0x0a550000)
  eden space 50752K,  97% used [0x05000000, 0x08020908, 0x08190000)
  from space 6272K,  93% used [0x08190000, 0x08751c90, 0x087b0000)
  to   space 6272K,   0% used [0x087b0000, 0x087b0000, 0x08dd0000)
 tenured generation   total 126524K, used 93430K [0x0a550000, 0x120df000, 0x15000000)
   the space 126524K,  73% used [0x0a550000, 0x1008db20, 0x1008dc00, 0x120df000)
 Metaspace       used 18390K, capacity 19183K, committed 19200K, reserved 19840K
Event: 215.318 GC heap after
Heap after GC invocations=379 (full 11):
 def new generation   total 57024K, used 5096K [0x05000000, 0x08dd0000, 0x0a550000)
  eden space 50752K,   0% used [0x05000000, 0x05000000, 0x08190000)
  from space 6272K,  81% used [0x087b0000, 0x08caa3b0, 0x08dd0000)
  to   space 6272K,   0% used [0x08190000, 0x08190000, 0x087b0000)
 tenured generation   total 126524K, used 97549K [0x0a550000, 0x120df000, 0x15000000)
   the space 126524K,  77% used [0x0a550000, 0x104935d0, 0x10493600, 0x120df000)
 Metaspace       used 18390K, capacity 19183K, committed 19200K, reserved 19840K
}
Event: 216.181 GC heap before
{Heap before GC invocations=379 (full 11):
 def new generation   total 57024K, used 54340K [0x05000000, 0x08dd0000, 0x0a550000)
  eden space 50752K,  97% used [0x05000000, 0x08016d88, 0x08190000)
  from space 6272K,  81% used [0x087b0000, 0x08caa3b0, 0x08dd0000)
  to   space 6272K,   0% used [0x08190000, 0x08190000, 0x087b0000)
 tenured generation   total 126524K, used 97549K [0x0a550000, 0x120df000, 0x15000000)
   the space 126524K,  77% used [0x0a550000, 0x104935d0, 0x10493600, 0x120df000)
 Metaspace       used 18390K, capacity 19183K, committed 19200K, reserved 19840K
Event: 216.189 GC heap after
Heap after GC invocations=380 (full 11):
 def new generation   total 57024K, used 6272K [0x05000000, 0x08dd0000, 0x0a550000)
  eden space 50752K,   0% used [0x05000000, 0x05000000, 0x08190000)
  from space 6272K, 100% used [0x08190000, 0x087b0000, 0x087b0000)
  to   space 6272K,   0% used [0x087b0000, 0x087b0000, 0x08dd0000)
 tenured generation   total 126524K, used 112249K [0x0a550000, 0x120df000, 0x15000000)
   the space 126524K,  88% used [0x0a550000, 0x112ee500, 0x112ee600, 0x120df000)
 Metaspace       used 18390K, capacity 19183K, committed 19200K, reserved 19840K
}
Event: 217.304 GC heap before
{Heap before GC invocations=380 (full 11):
 def new generation   total 57024K, used 55911K [0x05000000, 0x08dd0000, 0x0a550000)
  eden space 50752K,  97% used [0x05000000, 0x08079e80, 0x08190000)
  from space 6272K, 100% used [0x08190000, 0x087b0000, 0x087b0000)
  to   space 6272K,   0% used [0x087b0000, 0x087b0000, 0x08dd0000)
 tenured generation   total 126524K, used 112249K [0x0a550000, 0x120df000, 0x15000000)
   the space 126524K,  88% used [0x0a550000, 0x112ee500, 0x112ee600, 0x120df000)
 Metaspace       used 18392K, capacity 19186K, committed 19200K, reserved 19840K
Event: 217.310 GC heap after
Heap after GC invocations=381 (full 11):
 def new generation   total 57024K, used 5065K [0x05000000, 0x08dd0000, 0x0a550000)
  eden space 50752K,   0% used [0x05000000, 0x05000000, 0x08190000)
  from space 6272K,  80% used [0x087b0000, 0x08ca27b0, 0x08dd0000)
  to   space 6272K,   0% used [0x08190000, 0x08190000, 0x087b0000)
 tenured generation   total 126524K, used 125520K [0x0a550000, 0x120df000, 0x15000000)
   the space 126524K,  99% used [0x0a550000, 0x11fe4338, 0x11fe4400, 0x120df000)
 Metaspace       used 18392K, capacity 19186K, committed 19200K, reserved 19840K
}
Event: 217.685 GC heap before
{Heap before GC invocations=381 (full 11):
 def new generation   total 57024K, used 54995K [0x05000000, 0x08dd0000, 0x0a550000)
  eden space 50752K,  98% used [0x05000000, 0x080c2518, 0x08190000)
  from space 6272K,  80% used [0x087b0000, 0x08ca27b0, 0x08dd0000)
  to   space 6272K,   0% used [0x08190000, 0x08190000, 0x087b0000)
 tenured generation   total 126524K, used 125520K [0x0a550000, 0x120df000, 0x15000000)
   the space 126524K,  99% used [0x0a550000, 0x11fe4338, 0x11fe4400, 0x120df000)
 Metaspace       used 18392K, capacity 19186K, committed 19200K, reserved 19840K
Event: 217.688 GC heap after
Heap after GC invocations=382 (full 11):
 def new generation   total 57024K, used 2071K [0x05000000, 0x08dd0000, 0x0a550000)
  eden space 50752K,   0% used [0x05000000, 0x05000000, 0x08190000)
  from space 6272K,  33% used [0x08190000, 0x08395c08, 0x087b0000)
  to   space 6272K,   0% used [0x087b0000, 0x087b0000, 0x08dd0000)
 tenured generation   total 126524K, used 125926K [0x0a550000, 0x120df000, 0x15000000)
   the space 126524K,  99% used [0x0a550000, 0x120498a8, 0x12049a00, 0x120df000)
 Metaspace       used 18392K, capacity 19186K, committed 19200K, reserved 19840K
}

